<?xml version="1.0" encoding="UTF-8"?>
<testsuite xmlns:xsi="http://www.w3.org/2001/XMLSchema-instance" xsi:noNamespaceSchemaLocation="https://maven.apache.org/surefire/maven-surefire-plugin/xsd/surefire-test-report-3.0.xsd" version="3.0" name="com.helloIftekhar.springJwt.SpringJwtApplicationTests" time="12.226" tests="1" errors="0" skipped="0" failures="0">
  <properties>
[...]
</properties>
  <testcase name="contextLoads" classname="com.helloIftekhar.springJwt.SpringJwtApplicationTests" time="0.925">
    <system-out><![CDATA[Standard Commons Logging discovery in action with spring-jcl: please remove commons-logging.jar from classpath in order to avoid potential conflicts
21:00:03.286 [main] INFO org.springframework.test.context.support.AnnotationConfigContextLoaderUtils -- Could not detect default configuration classes for test class [com.helloIftekhar.springJwt.SpringJwtApplicationTests]: SpringJwtApplicationTests does not declare any static, non-private, non-final, nested classes annotated with @Configuration.
21:00:03.451 [main] INFO org.springframework.boot.test.context.SpringBootTestContextBootstrapper -- Found @SpringBootConfiguration com.helloIftekhar.springJwt.SpringJwtApplication for test class com.helloIftekhar.springJwt.SpringJwtApplicationTests

  .   ____          _            __ _ _
 /\\ / ___'_ __ _ _(_)_ __  __ _ \ \ \ \
( ( )\___ | '_ | '_| | '_ \/ _` | \ \ \ \
 \\/  ___)| |_)| | | | | || (_| |  ) ) ) )
  '  |____| .__|_| |_|_| |_\__, | / / / /
 =========|_|==============|___/=/_/_/_/
 :: Spring Boot ::                (v3.2.1)

2025-01-27T21:00:04.521+02:00  INFO 13828 --- [           main] c.h.springJwt.SpringJwtApplicationTests  : Starting SpringJwtApplicationTests using Java 22.0.2 with PID 13828 (started by nhlan in C:\Users\nhlan\Documents\invoiceApp\springJwt-main)
2025-01-27T21:00:04.525+02:00  INFO 13828 --- [           main] c.h.springJwt.SpringJwtApplicationTests  : No active profile set, falling back to 1 default profile: "default"
2025-01-27T21:00:06.112+02:00  INFO 13828 --- [           main] .s.d.r.c.RepositoryConfigurationDelegate : Bootstrapping Spring Data JPA repositories in DEFAULT mode.
2025-01-27T21:00:06.277+02:00  INFO 13828 --- [           main] .s.d.r.c.RepositoryConfigurationDelegate : Finished Spring Data repository scanning in 149 ms. Found 10 JPA repository interfaces.
2025-01-27T21:00:07.313+02:00  INFO 13828 --- [           main] o.hibernate.jpa.internal.util.LogHelper  : HHH000204: Processing PersistenceUnitInfo [name: default]
2025-01-27T21:00:07.476+02:00  INFO 13828 --- [           main] org.hibernate.Version                    : HHH000412: Hibernate ORM core version 6.4.1.Final
2025-01-27T21:00:07.548+02:00  INFO 13828 --- [           main] o.h.c.internal.RegionFactoryInitiator    : HHH000026: Second-level cache disabled
2025-01-27T21:00:08.020+02:00  INFO 13828 --- [           main] o.s.o.j.p.SpringPersistenceUnitInfo      : No LoadTimeWeaver setup: ignoring JPA class transformer
2025-01-27T21:00:08.081+02:00  INFO 13828 --- [           main] com.zaxxer.hikari.HikariDataSource       : HikariPool-1 - Starting...
2025-01-27T21:00:08.413+02:00  INFO 13828 --- [           main] com.zaxxer.hikari.pool.HikariPool        : HikariPool-1 - Added connection com.mysql.cj.jdbc.ConnectionImpl@1c2dd89b
2025-01-27T21:00:08.416+02:00  INFO 13828 --- [           main] com.zaxxer.hikari.HikariDataSource       : HikariPool-1 - Start completed.
2025-01-27T21:00:08.499+02:00  WARN 13828 --- [           main] org.hibernate.orm.deprecation            : HHH90000025: MySQLDialect does not need to be specified explicitly using 'hibernate.dialect' (remove the property setting and it will be selected by default)
2025-01-27T21:00:10.213+02:00  INFO 13828 --- [           main] o.h.e.t.j.p.i.JtaPlatformInitiator       : HHH000489: No JTA platform available (set 'hibernate.transaction.jta.platform' to enable JTA platform integration)
2025-01-27T21:00:10.441+02:00  INFO 13828 --- [           main] j.LocalContainerEntityManagerFactoryBean : Initialized JPA EntityManagerFactory for persistence unit 'default'
2025-01-27T21:00:11.292+02:00  INFO 13828 --- [           main] o.s.d.j.r.query.QueryEnhancerFactory     : Hibernate is in classpath; If applicable, HQL parser will be used.
2025-01-27T21:00:12.910+02:00  WARN 13828 --- [           main] JpaBaseConfiguration$JpaWebConfiguration : spring.jpa.open-in-view is enabled by default. Therefore, database queries may be performed during view rendering. Explicitly configure spring.jpa.open-in-view to disable this warning
2025-01-27T21:00:13.513+02:00  INFO 13828 --- [           main] o.s.s.web.DefaultSecurityFilterChain     : Will secure any request with [org.springframework.security.web.session.DisableEncodeUrlFilter@31cae1e4, org.springframework.security.web.context.request.async.WebAsyncManagerIntegrationFilter@5280e62e, org.springframework.security.web.context.SecurityContextHolderFilter@8a0447e, org.springframework.security.web.header.HeaderWriterFilter@9918487, org.springframework.web.filter.CorsFilter@7b14e7dc, org.springframework.security.web.authentication.logout.LogoutFilter@4f091800, com.helloIftekhar.springJwt.filter.JwtAuthenticationFilter@1bc80978, org.springframework.security.web.savedrequest.RequestCacheAwareFilter@602854ed, org.springframework.security.web.servletapi.SecurityContextHolderAwareRequestFilter@491d36ef, org.springframework.security.web.authentication.AnonymousAuthenticationFilter@57d71569, org.springframework.security.web.session.SessionManagementFilter@10e7ade5, org.springframework.security.web.access.ExceptionTranslationFilter@11c95035, org.springframework.security.web.access.intercept.AuthorizationFilter@1caff0db]
2025-01-27T21:00:14.199+02:00  INFO 13828 --- [           main] c.h.springJwt.SpringJwtApplicationTests  : Started SpringJwtApplicationTests in 10.476 seconds (process running for 12.38)
]]></system-out>
    <system-err><![CDATA[WARNING: A Java agent has been loaded dynamically (C:\Users\nhlan\.m2\repository\net\bytebuddy\byte-buddy-agent\1.14.10\byte-buddy-agent-1.14.10.jar)
WARNING: If a serviceability tool is in use, please run with -XX:+EnableDynamicAgentLoading to hide this warning
WARNING: If a serviceability tool is not in use, please run with -Djdk.instrument.traceUsage for more information
WARNING: Dynamic loading of agents will be disallowed by default in a future release
]]></system-err>
  </testcase>
</testsuite>